<?xml version="1.0" encoding="UTF-8"?>
<TestRun id="d01ef649-eb4d-4ec9-98a5-90fbe60d1347" name="K-816@NIO42-K816 2014-11-14 11:47:56" runUser="NIO42-K816\K-816" xmlns="http://microsoft.com/schemas/VisualStudio/TeamTest/2010">
  <TestSettings name="Параметры тестирования по умолчанию" id="a15048e5-a034-4d21-9113-82640b9e2d02">
    <Execution>
      <TestTypeSpecific />
      <AgentRule name="Execution Agents">
      </AgentRule>
    </Execution>
    <Deployment runDeploymentRoot="K-816_NIO42-K816 2014-11-14 11_47_56" />
  </TestSettings>
  <Times creation="2014-11-14T11:47:56.0468750+03:00" queuing="2014-11-14T11:47:56.7812500+03:00" start="2014-11-14T11:47:56.8906250+03:00" finish="2014-11-14T11:49:02.3750000+03:00" />
  <ResultSummary outcome="Error">
    <Counters total="1" executed="1" error="0" failed="0" timeout="0" aborted="1" inconclusive="0" passedButRunAborted="0" notRunnable="0" notExecuted="0" disconnected="0" warning="0" passed="0" completed="0" inProgress="0" pending="0" />
    <RunInfos>
      <RunInfo computerName="NIO42-K816" outcome="Error" timestamp="2014-11-14T11:49:02.3750000+03:00">
        <Text>Неожиданный выход из тестового хост-процесса.</Text>
      </RunInfo>
    </RunInfos>
  </ResultSummary>
  <TestDefinitions>
    <UnitTest name="Test_Text" storage="d:\mastercsharp\repository\c_sharp_home_tasks\task_02_test\testproject1\bin\debug\testproject1.dll" id="5ec6f7b3-8ab1-7be4-af25-a5523f9c6c1b">
      <Execution id="1159e2a9-f140-4e35-b913-52f45db22a1c" />
      <TestMethod codeBase="D:/MasterCsharp/Repository/C_sharp_home_tasks/Task_02_Test/TestProject1/bin/Debug/TestProject1.DLL" adapterTypeName="Microsoft.VisualStudio.TestTools.TestTypes.Unit.UnitTestAdapter, Microsoft.VisualStudio.QualityTools.Tips.UnitTest.Adapter, Version=10.0.0.0, Culture=neutral, PublicKeyToken=b03f5f7f11d50a3a" className="TestProject1.UnitTest1, TestProject1, Version=1.0.0.0, Culture=neutral, PublicKeyToken=null" name="Test_Text" />
    </UnitTest>
  </TestDefinitions>
  <TestLists>
    <TestList name="Отсутствующие в списке результаты" id="8c84fa94-04c1-424b-9868-57a2d4851a1d" />
    <TestList name="Все загруженные результаты" id="19431567-8539-422a-85d7-44ee4e166bda" />
  </TestLists>
  <TestEntries>
    <TestEntry testId="5ec6f7b3-8ab1-7be4-af25-a5523f9c6c1b" executionId="1159e2a9-f140-4e35-b913-52f45db22a1c" testListId="8c84fa94-04c1-424b-9868-57a2d4851a1d" />
  </TestEntries>
  <Results>
    <UnitTestResult executionId="1159e2a9-f140-4e35-b913-52f45db22a1c" testId="5ec6f7b3-8ab1-7be4-af25-a5523f9c6c1b" testName="Test_Text" computerName="NIO42-K816" duration="00:01:05.3906250" startTime="2014-11-14T11:47:56.9843750+03:00" endTime="2014-11-14T11:49:02.3750000+03:00" testType="13cdc9d9-ddb5-4fa4-a97d-d965ccfc6d4b" outcome="Aborted" testListId="8c84fa94-04c1-424b-9868-57a2d4851a1d" relativeResultsDirectory="1159e2a9-f140-4e35-b913-52f45db22a1c">
    </UnitTestResult>
  </Results>
</TestRun>